
Processing XToYHTo6B_MX-1300_MY-250...
xs_limit_diff = -0.6739130434782609

Processing XToYHTo6B_MX-1300_MY-300...
xs_limit_diff = -0.6541935582314768

Processing XToYHTo6B_MX-1300_MY-350...
xs_limit_diff = -0.6262008800256721

Processing XToYHTo6B_MX-1300_MY-400...
xs_limit_diff = -0.5876288659793815

Processing XToYHTo6B_MX-1300_MY-450...
xs_limit_diff = -0.6036922983022837

Processing XToYHTo6B_MX-1300_MY-500...
xs_limit_diff = -0.6459999847412109

Processing XToYHTo6B_MX-1400_MY-250...
xs_limit_diff = -0.7095541498463624

Processing XToYHTo6B_MX-1400_MY-300...
xs_limit_diff = -0.6955752077355849

Processing XToYHTo6B_MX-1400_MY-350...
xs_limit_diff = -0.660431649187486

Processing XToYHTo6B_MX-1400_MY-400...
xs_limit_diff = -0.6240282631594385

Processing XToYHTo6B_MX-1400_MY-450...
xs_limit_diff = -0.601066650390625

Processing XToYHTo6B_MX-1400_MY-500...
xs_limit_diff = -0.6694533663930617

Processing XToYHTo6B_MX-1500_MY-250...
xs_limit_diff = -0.7155234546867949

Processing XToYHTo6B_MX-1500_MY-300...
xs_limit_diff = -0.70120482846915

Processing XToYHTo6B_MX-1500_MY-350...
xs_limit_diff = -0.6646239511813958

Processing XToYHTo6B_MX-1500_MY-400...
xs_limit_diff = -0.6355329794327015

Processing XToYHTo6B_MX-1500_MY-450...
xs_limit_diff = -0.6030651399458962

Processing XToYHTo6B_MX-1500_MY-500...
xs_limit_diff = -0.6553359804417305

Processing XToYHTo6B_MX-1600_MY-250...
xs_limit_diff = -0.727999996609158

Processing XToYHTo6B_MX-1600_MY-300...
xs_limit_diff = -0.7263157894736842

Processing XToYHTo6B_MX-1600_MY-350...
xs_limit_diff = -0.6747081771434976

Processing XToYHTo6B_MX-1600_MY-400...
xs_limit_diff = -0.6341708389358904

Processing XToYHTo6B_MX-1600_MY-450...
xs_limit_diff = -0.6103321089515826

Processing XToYHTo6B_MX-1600_MY-500...
xs_limit_diff = -0.6389380485962274

Processing XToYHTo6B_MX-1700_MY-250...
xs_limit_diff = -0.7242165155220576

Processing XToYHTo6B_MX-1700_MY-300...
xs_limit_diff = -0.7190348443652607

Processing XToYHTo6B_MX-1700_MY-350...
xs_limit_diff = -0.666869305549784

Processing XToYHTo6B_MX-1700_MY-400...
xs_limit_diff = -0.607111104329427

Processing XToYHTo6B_MX-1700_MY-450...
xs_limit_diff = -0.5906354464017428

Processing XToYHTo6B_MX-1700_MY-500...
xs_limit_diff = -0.5782235044462974

Processing XToYHTo6B_MX-1800_MY-250...
xs_limit_diff = -0.7263888782925076

Processing XToYHTo6B_MX-1800_MY-300...
xs_limit_diff = -0.7266457775917173

Processing XToYHTo6B_MX-1800_MY-350...
xs_limit_diff = -0.6817843922895127

Processing XToYHTo6B_MX-1800_MY-400...
xs_limit_diff = -0.6096885707551633

Processing XToYHTo6B_MX-1800_MY-450...
xs_limit_diff = -0.5616438356164385

Processing XToYHTo6B_MX-1800_MY-500...
xs_limit_diff = -0.5582938533258665

Processing XToYHTo6B_MX-1900_MY-250...
xs_limit_diff = -0.7212121146065849

Processing XToYHTo6B_MX-1900_MY-300...
xs_limit_diff = -0.7194805062694467

Processing XToYHTo6B_MX-1900_MY-350...
xs_limit_diff = -0.6791878133860942

Processing XToYHTo6B_MX-1900_MY-400...
xs_limit_diff = -0.6100502589240147

Processing XToYHTo6B_MX-1900_MY-450...
xs_limit_diff = -0.5308641975308642

Processing XToYHTo6B_MX-1900_MY-500...
xs_limit_diff = -0.5211267605633801

Processing XToYHTo6B_MX-2000_MY-250...
xs_limit_diff = -0.7286432160804021

Processing XToYHTo6B_MX-2000_MY-300...
xs_limit_diff = -0.7229268329899485

Processing XToYHTo6B_MX-2000_MY-350...
xs_limit_diff = -0.6848484848484848

Processing XToYHTo6B_MX-2000_MY-400...
xs_limit_diff = -0.6178343949044587

Processing XToYHTo6B_MX-2000_MY-450...
xs_limit_diff = -0.5216080555364714

Processing XToYHTo6B_MX-2000_MY-500...
xs_limit_diff = -0.48433737390970133

Processing XToYHTo6B_MX-2000_MY-600...
xs_limit_diff = -0.5216326655173789

Processing XToYHTo6B_MX-2200_MY-250...
xs_limit_diff = -0.7227722772277227

Processing XToYHTo6B_MX-2200_MY-300...
xs_limit_diff = -0.7296551671521417

Processing XToYHTo6B_MX-2200_MY-350...
xs_limit_diff = -0.6872727134011009

Processing XToYHTo6B_MX-2200_MY-400...
xs_limit_diff = -0.6163265461824379

Processing XToYHTo6B_MX-2200_MY-450...
xs_limit_diff = -0.5262135996401888

Processing XToYHTo6B_MX-2200_MY-500...
xs_limit_diff = -0.4589595463923635

Processing XToYHTo6B_MX-2200_MY-600...
xs_limit_diff = -0.48502025527027465

Processing XToYHTo6B_MX-2400_MY-250...
xs_limit_diff = -0.706896551724138

Processing XToYHTo6B_MX-2400_MY-300...
xs_limit_diff = -0.7284403634727548

Processing XToYHTo6B_MX-2400_MY-350...
xs_limit_diff = -0.6938271699128328

Processing XToYHTo6B_MX-2400_MY-400...
xs_limit_diff = -0.6059701549473093

Processing XToYHTo6B_MX-2400_MY-450...
xs_limit_diff = -0.5047618926517548

Processing XToYHTo6B_MX-2400_MY-500...
xs_limit_diff = -0.42399998982747394

Processing XToYHTo6B_MX-2400_MY-600...
xs_limit_diff = -0.4828451946689494

Processing XToYHTo6B_MX-2500_MY-250...
xs_limit_diff = -0.7101449275362319

Processing XToYHTo6B_MX-2500_MY-300...
xs_limit_diff = -0.7161290363598896

Processing XToYHTo6B_MX-2500_MY-350...
xs_limit_diff = -0.6869565162105836

Processing XToYHTo6B_MX-2500_MY-400...
xs_limit_diff = -0.621052624886496

Processing XToYHTo6B_MX-2500_MY-450...
xs_limit_diff = -0.5169811248779298

Processing XToYHTo6B_MX-2500_MY-500...
xs_limit_diff = -0.40363637750799003

Processing XToYHTo6B_MX-2500_MY-600...
xs_limit_diff = -0.39628255057069006

Processing XToYHTo6B_MX-2500_MY-700...
xs_limit_diff = -0.4443349603361683

Processing XToYHTo6B_MX-2600_MY-250...
xs_limit_diff = -0.7164021244755499

Processing XToYHTo6B_MX-2600_MY-300...
xs_limit_diff = -0.7204819185188017

Processing XToYHTo6B_MX-2600_MY-350...
xs_limit_diff = -0.707936513991583

Processing XToYHTo6B_MX-2600_MY-400...
xs_limit_diff = -0.6392156937543084

Processing XToYHTo6B_MX-2600_MY-450...
xs_limit_diff = -0.519999991522895

Processing XToYHTo6B_MX-2600_MY-500...
xs_limit_diff = -0.41333334181043835

Processing XToYHTo6B_MX-2600_MY-600...
xs_limit_diff = -0.3333333333333333

Processing XToYHTo6B_MX-2600_MY-700...
xs_limit_diff = -0.4719546915113758

Processing XToYHTo6B_MX-2600_MY-800...
xs_limit_diff = -0.4016260079898161

Processing XToYHTo6B_MX-2800_MY-250...
xs_limit_diff = -0.6993288641808016

Processing XToYHTo6B_MX-2800_MY-300...
xs_limit_diff = -0.7169230827918419

Processing XToYHTo6B_MX-2800_MY-350...
xs_limit_diff = -0.6765957487390396

Processing XToYHTo6B_MX-2800_MY-400...
xs_limit_diff = -0.5891891943441855

Processing XToYHTo6B_MX-2800_MY-450...
xs_limit_diff = -0.5393939451737838

Processing XToYHTo6B_MX-2800_MY-500...
xs_limit_diff = -0.4909091140284684

Processing XToYHTo6B_MX-2800_MY-600...
xs_limit_diff = -0.278688524590164

Processing XToYHTo6B_MX-2800_MY-700...
xs_limit_diff = -0.44230769230769224

Processing XToYHTo6B_MX-2800_MY-800...
xs_limit_diff = -0.3198501644063086

Processing XToYHTo6B_MX-3000_MY-250...
xs_limit_diff = -0.6977777834291812

Processing XToYHTo6B_MX-3000_MY-300...
xs_limit_diff = -0.694545468417081

Processing XToYHTo6B_MX-3000_MY-350...
xs_limit_diff = -0.6512820415007762

Processing XToYHTo6B_MX-3000_MY-400...
xs_limit_diff = -0.6363636363636362

Processing XToYHTo6B_MX-3000_MY-450...
xs_limit_diff = -0.5555555555555555

Processing XToYHTo6B_MX-3000_MY-500...
xs_limit_diff = -0.45599998474121084

Processing XToYHTo6B_MX-3000_MY-600...
xs_limit_diff = -0.2484848716042258

Processing XToYHTo6B_MX-3000_MY-700...
xs_limit_diff = -0.26417109035553143

Processing XToYHTo6B_MX-3000_MY-800...
xs_limit_diff = -0.33767444699309584

Processing XToYHTo6B_MX-3500_MY-250...
xs_limit_diff = -0.6494381936748376

Processing XToYHTo6B_MX-3500_MY-300...
xs_limit_diff = -0.6756756756756757

Processing XToYHTo6B_MX-3500_MY-350...
xs_limit_diff = -0.6740740670098199

Processing XToYHTo6B_MX-3500_MY-400...
xs_limit_diff = -0.5809523718697684

Processing XToYHTo6B_MX-3500_MY-450...
xs_limit_diff = -0.5294117647058825

Processing XToYHTo6B_MX-3500_MY-500...
xs_limit_diff = -0.3230769084050105

Processing XToYHTo6B_MX-3500_MY-600...
xs_limit_diff = -0.07692307692307675

Processing XToYHTo6B_MX-3500_MY-700...
xs_limit_diff = 0.10476194109235491

Processing XToYHTo6B_MX-3500_MY-800...
xs_limit_diff = 0.0393162262745391

Processing XToYHTo6B_MX-4000_MY-250...
xs_limit_diff = -0.5450980242560892

Processing XToYHTo6B_MX-4000_MY-300...
xs_limit_diff = -0.6571428662254697

Processing XToYHTo6B_MX-4000_MY-350...
xs_limit_diff = -0.5692307765667255

Processing XToYHTo6B_MX-4000_MY-400...
xs_limit_diff = -0.4909090995788574

Processing XToYHTo6B_MX-4000_MY-450...
xs_limit_diff = -0.3777777883741591

Processing XToYHTo6B_MX-4000_MY-500...
xs_limit_diff = -0.20000001362391895

Processing XToYHTo6B_MX-4000_MY-600...
xs_limit_diff = 0.11999998092651368

Processing XToYHTo6B_MX-4000_MY-700...
xs_limit_diff = 0.48571423121861024

Processing XToYHTo6B_MX-4000_MY-800...
xs_limit_diff = 0.36470592723173234

Processing XToYHTo6B_MX-4000_MY-900...
xs_limit_diff = 0.523287629427975

Maximum xs_limit_diff: 0.523287629427975


Minimum xs_limit_diff: -0.7296551671521417

Info in <TCanvas::Print>: pdf file sd_pn_2017_boosted_expected_limits_2D_diff.pdf has been created

Processing XToYHTo6B_MX-1300_MY-250...
xs_limit_diff = -0.3532608695652174

Processing XToYHTo6B_MX-1300_MY-300...
xs_limit_diff = -0.34838709677419355

Processing XToYHTo6B_MX-1300_MY-350...
xs_limit_diff = -0.314410480349345

Processing XToYHTo6B_MX-1300_MY-400...
xs_limit_diff = -0.3024054982817869

Processing XToYHTo6B_MX-1300_MY-450...
xs_limit_diff = -0.24615384615384617

Processing XToYHTo6B_MX-1300_MY-500...
xs_limit_diff = -0.2575

Processing XToYHTo6B_MX-1400_MY-250...
xs_limit_diff = -0.3057324840764331

Processing XToYHTo6B_MX-1400_MY-300...
xs_limit_diff = -0.35398230088495575

Processing XToYHTo6B_MX-1400_MY-350...
xs_limit_diff = -0.3597122302158273

Processing XToYHTo6B_MX-1400_MY-400...
xs_limit_diff = -0.34275618374558303

Processing XToYHTo6B_MX-1400_MY-450...
xs_limit_diff = -0.2826666666666667

Processing XToYHTo6B_MX-1400_MY-500...
xs_limit_diff = -0.24437299035369775

Processing XToYHTo6B_MX-1500_MY-250...
xs_limit_diff = -0.3646209386281589

Processing XToYHTo6B_MX-1500_MY-300...
xs_limit_diff = -0.34638554216867457

Processing XToYHTo6B_MX-1500_MY-350...
xs_limit_diff = -0.31754874651810583

Processing XToYHTo6B_MX-1500_MY-400...
xs_limit_diff = -0.34263959390862947

Processing XToYHTo6B_MX-1500_MY-450...
xs_limit_diff = -0.3314176245210728

Processing XToYHTo6B_MX-1500_MY-500...
xs_limit_diff = -0.31620553359683795

Processing XToYHTo6B_MX-1600_MY-250...
xs_limit_diff = -0.32222222222222224

Processing XToYHTo6B_MX-1600_MY-300...
xs_limit_diff = -0.37719298245614036

Processing XToYHTo6B_MX-1600_MY-350...
xs_limit_diff = -0.35603112840466933

Processing XToYHTo6B_MX-1600_MY-400...
xs_limit_diff = -0.3492462311557789

Processing XToYHTo6B_MX-1600_MY-450...
xs_limit_diff = -0.35608856088560886

Processing XToYHTo6B_MX-1600_MY-500...
xs_limit_diff = -0.27138643067846596

Processing XToYHTo6B_MX-1700_MY-250...
xs_limit_diff = -0.38746438746438744

Processing XToYHTo6B_MX-1700_MY-300...
xs_limit_diff = -0.3646112600536193

Processing XToYHTo6B_MX-1700_MY-350...
xs_limit_diff = -0.3404255319148935

Processing XToYHTo6B_MX-1700_MY-400...
xs_limit_diff = -0.3333333333333333

Processing XToYHTo6B_MX-1700_MY-450...
xs_limit_diff = -0.37792642140468236

Processing XToYHTo6B_MX-1700_MY-500...
xs_limit_diff = -0.2693409742120344

Processing XToYHTo6B_MX-1800_MY-250...
xs_limit_diff = -0.3402777777777778

Processing XToYHTo6B_MX-1800_MY-300...
xs_limit_diff = -0.38244514106583066

Processing XToYHTo6B_MX-1800_MY-350...
xs_limit_diff = -0.37546468401487

Processing XToYHTo6B_MX-1800_MY-400...
xs_limit_diff = -0.3529411764705883

Processing XToYHTo6B_MX-1800_MY-450...
xs_limit_diff = -0.3424657534246575

Processing XToYHTo6B_MX-1800_MY-500...
xs_limit_diff = -0.3436018957345971

Processing XToYHTo6B_MX-1900_MY-250...
xs_limit_diff = -0.3658008658008658

Processing XToYHTo6B_MX-1900_MY-300...
xs_limit_diff = -0.3679653679653679

Processing XToYHTo6B_MX-1900_MY-350...
xs_limit_diff = -0.36548223350253817

Processing XToYHTo6B_MX-1900_MY-400...
xs_limit_diff = -0.3417085427135679

Processing XToYHTo6B_MX-1900_MY-450...
xs_limit_diff = -0.32407407407407396

Processing XToYHTo6B_MX-1900_MY-500...
xs_limit_diff = -0.33098591549295775

Processing XToYHTo6B_MX-2000_MY-250...
xs_limit_diff = -0.3341708542713569

Processing XToYHTo6B_MX-2000_MY-300...
xs_limit_diff = -0.3902439024390244

Processing XToYHTo6B_MX-2000_MY-350...
xs_limit_diff = -0.412121212121212

Processing XToYHTo6B_MX-2000_MY-400...
xs_limit_diff = -0.3630573248407644

Processing XToYHTo6B_MX-2000_MY-450...
xs_limit_diff = -0.32663316582914587

Processing XToYHTo6B_MX-2000_MY-500...
xs_limit_diff = -0.33734939759036153

Processing XToYHTo6B_MX-2000_MY-600...
xs_limit_diff = -0.23877551020408147

Processing XToYHTo6B_MX-2200_MY-250...
xs_limit_diff = -0.3564356435643564

Processing XToYHTo6B_MX-2200_MY-300...
xs_limit_diff = -0.38620689655172413

Processing XToYHTo6B_MX-2200_MY-350...
xs_limit_diff = -0.37272727272727274

Processing XToYHTo6B_MX-2200_MY-400...
xs_limit_diff = -0.35714285714285704

Processing XToYHTo6B_MX-2200_MY-450...
xs_limit_diff = -0.34951456310679613

Processing XToYHTo6B_MX-2200_MY-500...
xs_limit_diff = -0.34104046242774566

Processing XToYHTo6B_MX-2200_MY-600...
xs_limit_diff = -0.382591093117409

Processing XToYHTo6B_MX-2400_MY-250...
xs_limit_diff = -0.35775862068965525

Processing XToYHTo6B_MX-2400_MY-300...
xs_limit_diff = -0.4036697247706422

Processing XToYHTo6B_MX-2400_MY-350...
xs_limit_diff = -0.38271604938271603

Processing XToYHTo6B_MX-2400_MY-400...
xs_limit_diff = -0.3582089552238806

Processing XToYHTo6B_MX-2400_MY-450...
xs_limit_diff = -0.31746031746031755

Processing XToYHTo6B_MX-2400_MY-500...
xs_limit_diff = -0.3199999999999999

Processing XToYHTo6B_MX-2400_MY-600...
xs_limit_diff = -0.391213389121339

Processing XToYHTo6B_MX-2500_MY-250...
xs_limit_diff = -0.37681159420289867

Processing XToYHTo6B_MX-2500_MY-300...
xs_limit_diff = -0.3870967741935484

Processing XToYHTo6B_MX-2500_MY-350...
xs_limit_diff = -0.37681159420289856

Processing XToYHTo6B_MX-2500_MY-400...
xs_limit_diff = -0.3508771929824561

Processing XToYHTo6B_MX-2500_MY-450...
xs_limit_diff = -0.33962264150943405

Processing XToYHTo6B_MX-2500_MY-500...
xs_limit_diff = -0.29090909090909084

Processing XToYHTo6B_MX-2500_MY-600...
xs_limit_diff = -0.33457249070631967

Processing XToYHTo6B_MX-2500_MY-700...
xs_limit_diff = -0.19211822660098504

Processing XToYHTo6B_MX-2600_MY-250...
xs_limit_diff = -0.3703703703703705

Processing XToYHTo6B_MX-2600_MY-300...
xs_limit_diff = -0.3855421686746987

Processing XToYHTo6B_MX-2600_MY-350...
xs_limit_diff = -0.4126984126984128

Processing XToYHTo6B_MX-2600_MY-400...
xs_limit_diff = -0.39215686274509814

Processing XToYHTo6B_MX-2600_MY-450...
xs_limit_diff = -0.35555555555555546

Processing XToYHTo6B_MX-2600_MY-500...
xs_limit_diff = -0.3333333333333333

Processing XToYHTo6B_MX-2600_MY-600...
xs_limit_diff = -0.33950617283950607

Processing XToYHTo6B_MX-2600_MY-700...
xs_limit_diff = -0.2917847025495752

Processing XToYHTo6B_MX-2600_MY-800...
xs_limit_diff = -0.13821138211382114

Processing XToYHTo6B_MX-2800_MY-250...
xs_limit_diff = -0.3489932885906039

Processing XToYHTo6B_MX-2800_MY-300...
xs_limit_diff = -0.3999999999999999

Processing XToYHTo6B_MX-2800_MY-350...
xs_limit_diff = -0.3829787234042552

Processing XToYHTo6B_MX-2800_MY-400...
xs_limit_diff = -0.3513513513513512

Processing XToYHTo6B_MX-2800_MY-450...
xs_limit_diff = -0.3636363636363637

Processing XToYHTo6B_MX-2800_MY-500...
xs_limit_diff = -0.3636363636363637

Processing XToYHTo6B_MX-2800_MY-600...
xs_limit_diff = -0.36065573770491804

Processing XToYHTo6B_MX-2800_MY-700...
xs_limit_diff = -0.28365384615384615

Processing XToYHTo6B_MX-2800_MY-800...
xs_limit_diff = -0.09737827715355818

Processing XToYHTo6B_MX-3000_MY-250...
xs_limit_diff = -0.34074074074074073

Processing XToYHTo6B_MX-3000_MY-300...
xs_limit_diff = -0.3999999999999999

Processing XToYHTo6B_MX-3000_MY-350...
xs_limit_diff = -0.35897435897435903

Processing XToYHTo6B_MX-3000_MY-400...
xs_limit_diff = -0.42424242424242425

Processing XToYHTo6B_MX-3000_MY-450...
xs_limit_diff = -0.3703703703703703

Processing XToYHTo6B_MX-3000_MY-500...
xs_limit_diff = -0.3199999999999999

Processing XToYHTo6B_MX-3000_MY-600...
xs_limit_diff = -0.3636363636363637

Processing XToYHTo6B_MX-3000_MY-700...
xs_limit_diff = -0.26737967914438493

Processing XToYHTo6B_MX-3000_MY-800...
xs_limit_diff = -0.18372093023255814

Processing XToYHTo6B_MX-3500_MY-250...
xs_limit_diff = -0.6067415730337079

Processing XToYHTo6B_MX-3500_MY-300...
xs_limit_diff = -0.5135135135135135

Processing XToYHTo6B_MX-3500_MY-350...
xs_limit_diff = -0.4444444444444444

Processing XToYHTo6B_MX-3500_MY-400...
xs_limit_diff = -0.38095238095238093

Processing XToYHTo6B_MX-3500_MY-450...
xs_limit_diff = -0.3529411764705883

Processing XToYHTo6B_MX-3500_MY-500...
xs_limit_diff = -0.3076923076923077

Processing XToYHTo6B_MX-3500_MY-600...
xs_limit_diff = -0.3076923076923077

Processing XToYHTo6B_MX-3500_MY-700...
xs_limit_diff = -0.2857142857142857

Processing XToYHTo6B_MX-3500_MY-800...
xs_limit_diff = -0.18803418803418817

Processing XToYHTo6B_MX-4000_MY-250...
xs_limit_diff = -0.6666666666666667

Processing XToYHTo6B_MX-4000_MY-300...
xs_limit_diff = -0.7333333378746396

Processing XToYHTo6B_MX-4000_MY-350...
xs_limit_diff = -0.6153846153846154

Processing XToYHTo6B_MX-4000_MY-400...
xs_limit_diff = -0.5454545454545454

Processing XToYHTo6B_MX-4000_MY-450...
xs_limit_diff = -0.4444444444444444

Processing XToYHTo6B_MX-4000_MY-500...
xs_limit_diff = -0.2857142857142858

Processing XToYHTo6B_MX-4000_MY-600...
xs_limit_diff = 0.0

Processing XToYHTo6B_MX-4000_MY-700...
xs_limit_diff = -0.2857142857142858

Processing XToYHTo6B_MX-4000_MY-800...
xs_limit_diff = -0.3529411764705883

Processing XToYHTo6B_MX-4000_MY-900...
xs_limit_diff = -0.21917808219178092

Maximum xs_limit_diff: 0.0


Minimum xs_limit_diff: -0.7333333378746396

TCanvas::Constructor:0: RuntimeWarning: Deleting canvas with same name: c
Info in <TCanvas::Print>: pdf file sd_2017_Run2_boosted_expected_limits_2D_diff.pdf has been created

Processing XToYHTo6B_MX-1300_MY-250...
xs_limit_diff = 0.55

Processing XToYHTo6B_MX-1300_MY-300...
xs_limit_diff = 0.21268660168680795

Processing XToYHTo6B_MX-1300_MY-350...
xs_limit_diff = 0.13317759029312828

Processing XToYHTo6B_MX-1300_MY-400...
xs_limit_diff = 0.15833333333333333

Processing XToYHTo6B_MX-1300_MY-450...
xs_limit_diff = 0.02484469621445801

Processing XToYHTo6B_MX-1300_MY-500...
xs_limit_diff = 0.0028248155313776078

Processing XToYHTo6B_MX-1400_MY-250...
xs_limit_diff = 0.864035150094121

Processing XToYHTo6B_MX-1400_MY-300...
xs_limit_diff = 0.13372087994416348

Processing XToYHTo6B_MX-1400_MY-350...
xs_limit_diff = 0.03813557643994515

Processing XToYHTo6B_MX-1400_MY-400...
xs_limit_diff = 0.06203005995743171

Processing XToYHTo6B_MX-1400_MY-450...
xs_limit_diff = 0.09959888561885709

Processing XToYHTo6B_MX-1400_MY-500...
xs_limit_diff = 0.08463031799582639

Processing XToYHTo6B_MX-1500_MY-250...
xs_limit_diff = 0.656091306421452

Processing XToYHTo6B_MX-1500_MY-300...
xs_limit_diff = 0.16431455194764122

Processing XToYHTo6B_MX-1500_MY-350...
xs_limit_diff = -0.08222592525259234

Processing XToYHTo6B_MX-1500_MY-400...
xs_limit_diff = -0.09470755936954427

Processing XToYHTo6B_MX-1500_MY-450...
xs_limit_diff = -0.029922765634938498

Processing XToYHTo6B_MX-1500_MY-500...
xs_limit_diff = 0.03784407301890778

Processing XToYHTo6B_MX-1600_MY-250...
xs_limit_diff = 0.8055555330469027

Processing XToYHTo6B_MX-1600_MY-300...
xs_limit_diff = 0.12820512820512808

Processing XToYHTo6B_MX-1600_MY-350...
xs_limit_diff = -0.14473682649488015

Processing XToYHTo6B_MX-1600_MY-400...
xs_limit_diff = -0.15178574984264373

Processing XToYHTo6B_MX-1600_MY-450...
xs_limit_diff = -0.09327650204971329

Processing XToYHTo6B_MX-1600_MY-500...
xs_limit_diff = -0.019607855359147823

Processing XToYHTo6B_MX-1700_MY-250...
xs_limit_diff = 0.6115701971268397

Processing XToYHTo6B_MX-1700_MY-300...
xs_limit_diff = 0.17366408796051003

Processing XToYHTo6B_MX-1700_MY-350...
xs_limit_diff = -0.18795619307408287

Processing XToYHTo6B_MX-1700_MY-400...
xs_limit_diff = -0.2251131355473248

Processing XToYHTo6B_MX-1700_MY-450...
xs_limit_diff = -0.1789215788632863

Processing XToYHTo6B_MX-1700_MY-500...
xs_limit_diff = -0.02853258855514088

Processing XToYHTo6B_MX-1800_MY-250...
xs_limit_diff = 0.7385786128715629

Processing XToYHTo6B_MX-1800_MY-300...
xs_limit_diff = 0.1353211406505179

Processing XToYHTo6B_MX-1800_MY-350...
xs_limit_diff = -0.2172897056738186

Processing XToYHTo6B_MX-1800_MY-400...
xs_limit_diff = -0.2464539210961006

Processing XToYHTo6B_MX-1800_MY-450...
xs_limit_diff = -0.22265624999999975

Processing XToYHTo6B_MX-1800_MY-500...
xs_limit_diff = -0.12821885557441076

Processing XToYHTo6B_MX-1900_MY-250...
xs_limit_diff = 0.6692546188341548

Processing XToYHTo6B_MX-1900_MY-300...
xs_limit_diff = 0.1574073528992756

Processing XToYHTo6B_MX-1900_MY-350...
xs_limit_diff = -0.22468355366328333

Processing XToYHTo6B_MX-1900_MY-400...
xs_limit_diff = -0.26546390308230505

Processing XToYHTo6B_MX-1900_MY-450...
xs_limit_diff = -0.2697368421052631

Processing XToYHTo6B_MX-1900_MY-500...
xs_limit_diff = -0.17892156862745112

Processing XToYHTo6B_MX-2000_MY-250...
xs_limit_diff = 0.8240740740740744

Processing XToYHTo6B_MX-2000_MY-300...
xs_limit_diff = 0.1443662125542627

Processing XToYHTo6B_MX-2000_MY-350...
xs_limit_diff = -0.21153846153846137

Processing XToYHTo6B_MX-2000_MY-400...
xs_limit_diff = -0.3

Processing XToYHTo6B_MX-2000_MY-450...
xs_limit_diff = -0.2962184648343405

Processing XToYHTo6B_MX-2000_MY-500...
xs_limit_diff = -0.2406541695118448

Processing XToYHTo6B_MX-2000_MY-600...
xs_limit_diff = -0.14249144524822158

Processing XToYHTo6B_MX-2200_MY-250...
xs_limit_diff = 0.7738095238095238

Processing XToYHTo6B_MX-2200_MY-300...
xs_limit_diff = 0.14795916133103737

Processing XToYHTo6B_MX-2200_MY-350...
xs_limit_diff = -0.2151163138848099

Processing XToYHTo6B_MX-2200_MY-400...
xs_limit_diff = -0.33510635599608546

Processing XToYHTo6B_MX-2200_MY-450...
xs_limit_diff = -0.3237704812311029

Processing XToYHTo6B_MX-2200_MY-500...
xs_limit_diff = -0.3269230659504926

Processing XToYHTo6B_MX-2200_MY-600...
xs_limit_diff = -0.1627358289691236

Processing XToYHTo6B_MX-2400_MY-250...
xs_limit_diff = 0.7058823529411765

Processing XToYHTo6B_MX-2400_MY-300...
xs_limit_diff = 0.11486485049705455

Processing XToYHTo6B_MX-2400_MY-350...
xs_limit_diff = -0.23387094417298057

Processing XToYHTo6B_MX-2400_MY-400...
xs_limit_diff = -0.35606059675593216

Processing XToYHTo6B_MX-2400_MY-450...
xs_limit_diff = -0.39102565591700483

Processing XToYHTo6B_MX-2400_MY-500...
xs_limit_diff = -0.375000011037897

Processing XToYHTo6B_MX-2400_MY-600...
xs_limit_diff = -0.28398057368479834

Processing XToYHTo6B_MX-2500_MY-250...
xs_limit_diff = 0.6833333333333337

Processing XToYHTo6B_MX-2500_MY-300...
xs_limit_diff = 0.09848486435752747

Processing XToYHTo6B_MX-2500_MY-350...
xs_limit_diff = -0.3055555678198855

Processing XToYHTo6B_MX-2500_MY-400...
xs_limit_diff = -0.3055555678198855

Processing XToYHTo6B_MX-2500_MY-450...
xs_limit_diff = -0.33593750989530213

Processing XToYHTo6B_MX-2500_MY-500...
xs_limit_diff = -0.35975608266867853

Processing XToYHTo6B_MX-2500_MY-600...
xs_limit_diff = -0.30418716596733686

Processing XToYHTo6B_MX-2500_MY-700...
xs_limit_diff = -0.21320924114445797

Processing XToYHTo6B_MX-2600_MY-250...
xs_limit_diff = 0.7350746762595868

Processing XToYHTo6B_MX-2600_MY-300...
xs_limit_diff = 0.16379306517656703

Processing XToYHTo6B_MX-2600_MY-350...
xs_limit_diff = -0.1847825917945238

Processing XToYHTo6B_MX-2600_MY-400...
xs_limit_diff = -0.29347824622192065

Processing XToYHTo6B_MX-2600_MY-450...
xs_limit_diff = -0.39814815877723414

Processing XToYHTo6B_MX-2600_MY-500...
xs_limit_diff = -0.35606059675593216

Processing XToYHTo6B_MX-2600_MY-600...
xs_limit_diff = -0.3333333333333333

Processing XToYHTo6B_MX-2600_MY-700...
xs_limit_diff = -0.2542918210759575

Processing XToYHTo6B_MX-2600_MY-800...
xs_limit_diff = -0.21648551807561808

Processing XToYHTo6B_MX-2800_MY-250...
xs_limit_diff = 0.7187500292701385

Processing XToYHTo6B_MX-2800_MY-300...
xs_limit_diff = 0.14130437148766667

Processing XToYHTo6B_MX-2800_MY-350...
xs_limit_diff = -0.27631578039264404

Processing XToYHTo6B_MX-2800_MY-400...
xs_limit_diff = -0.4078947294121633

Processing XToYHTo6B_MX-2800_MY-450...
xs_limit_diff = -0.4078947294121633

Processing XToYHTo6B_MX-2800_MY-500...
xs_limit_diff = -0.46428568995728675

Processing XToYHTo6B_MX-2800_MY-600...
xs_limit_diff = -0.38636363636363635

Processing XToYHTo6B_MX-2800_MY-700...
xs_limit_diff = -0.271551724137931

Processing XToYHTo6B_MX-2800_MY-800...
xs_limit_diff = -0.26211456224501817

Processing XToYHTo6B_MX-3000_MY-250...
xs_limit_diff = 0.7156863065922738

Processing XToYHTo6B_MX-3000_MY-300...
xs_limit_diff = 0.13095243231239478

Processing XToYHTo6B_MX-3000_MY-350...
xs_limit_diff = -0.33823531267964674

Processing XToYHTo6B_MX-3000_MY-400...
xs_limit_diff = -0.4166666666666667

Processing XToYHTo6B_MX-3000_MY-450...
xs_limit_diff = -0.4166666666666667

Processing XToYHTo6B_MX-3000_MY-500...
xs_limit_diff = -0.4852941320841696

Processing XToYHTo6B_MX-3000_MY-600...
xs_limit_diff = -0.3951612717155111

Processing XToYHTo6B_MX-3000_MY-700...
xs_limit_diff = -0.3386628200325713

Processing XToYHTo6B_MX-3000_MY-800...
xs_limit_diff = -0.2837078344669914

Processing XToYHTo6B_MX-3500_MY-250...
xs_limit_diff = 0.5064102195737247

Processing XToYHTo6B_MX-3500_MY-300...
xs_limit_diff = 0.08333333333333313

Processing XToYHTo6B_MX-3500_MY-350...
xs_limit_diff = -0.20454547178646698

Processing XToYHTo6B_MX-3500_MY-400...
xs_limit_diff = -0.4318181941331908

Processing XToYHTo6B_MX-3500_MY-450...
xs_limit_diff = -0.3749999999999999

Processing XToYHTo6B_MX-3500_MY-500...
xs_limit_diff = -0.4318181941331908

Processing XToYHTo6B_MX-3500_MY-600...
xs_limit_diff = -0.4166666666666667

Processing XToYHTo6B_MX-3500_MY-700...
xs_limit_diff = -0.5258620845576949

Processing XToYHTo6B_MX-3500_MY-800...
xs_limit_diff = -0.3832236764710034

Processing XToYHTo6B_MX-4000_MY-250...
xs_limit_diff = 0.508620640043698

Processing XToYHTo6B_MX-4000_MY-300...
xs_limit_diff = 0.25000003311369223

Processing XToYHTo6B_MX-4000_MY-350...
xs_limit_diff = -0.2857142735500724

Processing XToYHTo6B_MX-4000_MY-400...
xs_limit_diff = -0.46428570516255413

Processing XToYHTo6B_MX-4000_MY-450...
xs_limit_diff = -0.46428570516255413

Processing XToYHTo6B_MX-4000_MY-500...
xs_limit_diff = -0.46428570516255413

Processing XToYHTo6B_MX-4000_MY-600...
xs_limit_diff = -0.46428570516255413

Processing XToYHTo6B_MX-4000_MY-700...
xs_limit_diff = -0.5192307515962583

Processing XToYHTo6B_MX-4000_MY-800...
xs_limit_diff = -0.5258620845576949

Processing XToYHTo6B_MX-4000_MY-900...
xs_limit_diff = -0.39748199785306637

Maximum xs_limit_diff: 0.864035150094121


Minimum xs_limit_diff: -0.5258620845576949

TCanvas::Constructor:0: RuntimeWarning: Deleting canvas with same name: c
Info in <TCanvas::Print>: pdf file pn_2017_Run2_boosted_expected_limits_2D_diff.pdf has been created

Processing XToYHTo6B_MX-1300_MY-250...
xs_limit_diff = -0.2184873949579832

Processing XToYHTo6B_MX-1300_MY-300...
xs_limit_diff = -0.3564356435643564

Processing XToYHTo6B_MX-1300_MY-350...
xs_limit_diff = -0.3821656050955414

Processing XToYHTo6B_MX-1300_MY-400...
xs_limit_diff = -0.31527093596059114

Processing XToYHTo6B_MX-1300_MY-450...
xs_limit_diff = -0.46122448979591835

Processing XToYHTo6B_MX-1300_MY-500...
xs_limit_diff = -0.5218855218855218

Processing XToYHTo6B_MX-1400_MY-250...
xs_limit_diff = -0.22018348623853212

Processing XToYHTo6B_MX-1400_MY-300...
xs_limit_diff = -0.4657534246575342

Processing XToYHTo6B_MX-1400_MY-350...
xs_limit_diff = -0.449438202247191

Processing XToYHTo6B_MX-1400_MY-400...
xs_limit_diff = -0.3924731182795699

Processing XToYHTo6B_MX-1400_MY-450...
xs_limit_diff = -0.38847583643122674

Processing XToYHTo6B_MX-1400_MY-500...
xs_limit_diff = -0.5255319148936171

Processing XToYHTo6B_MX-1500_MY-250...
xs_limit_diff = -0.2585227272727273

Processing XToYHTo6B_MX-1500_MY-300...
xs_limit_diff = -0.46774193548387105

Processing XToYHTo6B_MX-1500_MY-350...
xs_limit_diff = -0.5489795918367347

Processing XToYHTo6B_MX-1500_MY-400...
xs_limit_diff = -0.49806949806949813

Processing XToYHTo6B_MX-1500_MY-450...
xs_limit_diff = -0.42406876790830944

Processing XToYHTo6B_MX-1500_MY-500...
xs_limit_diff = -0.476878612716763

Processing XToYHTo6B_MX-1600_MY-250...
xs_limit_diff = -0.2754098360655738

Processing XToYHTo6B_MX-1600_MY-300...
xs_limit_diff = -0.504225352112676

Processing XToYHTo6B_MX-1600_MY-350...
xs_limit_diff = -0.56797583081571

Processing XToYHTo6B_MX-1600_MY-400...
xs_limit_diff = -0.5231660231660231

Processing XToYHTo6B_MX-1600_MY-450...
xs_limit_diff = -0.45128939828080217

Processing XToYHTo6B_MX-1600_MY-500...
xs_limit_diff = -0.51417004048583

Processing XToYHTo6B_MX-1700_MY-250...
xs_limit_diff = -0.2744186046511627

Processing XToYHTo6B_MX-1700_MY-300...
xs_limit_diff = -0.48101265822784817

Processing XToYHTo6B_MX-1700_MY-350...
xs_limit_diff = -0.5898617511520738

Processing XToYHTo6B_MX-1700_MY-400...
xs_limit_diff = -0.5433333333333332

Processing XToYHTo6B_MX-1700_MY-450...
xs_limit_diff = -0.4596774193548387

Processing XToYHTo6B_MX-1700_MY-500...
xs_limit_diff = -0.4392156862745098

Processing XToYHTo6B_MX-1800_MY-250...
xs_limit_diff = -0.27894736842105256

Processing XToYHTo6B_MX-1800_MY-300...
xs_limit_diff = -0.49746192893401026

Processing XToYHTo6B_MX-1800_MY-350...
xs_limit_diff = -0.6011904761904762

Processing XToYHTo6B_MX-1800_MY-400...
xs_limit_diff = -0.5454545454545454

Processing XToYHTo6B_MX-1800_MY-450...
xs_limit_diff = -0.4817708333333333

Processing XToYHTo6B_MX-1800_MY-500...
xs_limit_diff = -0.41335740072202176

Processing XToYHTo6B_MX-1900_MY-250...
xs_limit_diff = -0.26621160409556316

Processing XToYHTo6B_MX-1900_MY-300...
xs_limit_diff = -0.48630136986301375

Processing XToYHTo6B_MX-1900_MY-350...
xs_limit_diff = -0.608

Processing XToYHTo6B_MX-1900_MY-400...
xs_limit_diff = -0.5648854961832062

Processing XToYHTo6B_MX-1900_MY-450...
xs_limit_diff = -0.4931506849315069

Processing XToYHTo6B_MX-1900_MY-500...
xs_limit_diff = -0.41228070175438597

Processing XToYHTo6B_MX-2000_MY-250...
xs_limit_diff = -0.25660377358490555

Processing XToYHTo6B_MX-2000_MY-300...
xs_limit_diff = -0.48

Processing XToYHTo6B_MX-2000_MY-350...
xs_limit_diff = -0.5773195876288659

Processing XToYHTo6B_MX-2000_MY-400...
xs_limit_diff = -0.58

Processing XToYHTo6B_MX-2000_MY-450...
xs_limit_diff = -0.5

Processing XToYHTo6B_MX-2000_MY-500...
xs_limit_diff = -0.4090909090909091

Processing XToYHTo6B_MX-2000_MY-600...
xs_limit_diff = -0.4611260053619304

Processing XToYHTo6B_MX-2200_MY-250...
xs_limit_diff = -0.2358974358974359

Processing XToYHTo6B_MX-2200_MY-300...
xs_limit_diff = -0.4943820224719101

Processing XToYHTo6B_MX-2200_MY-350...
xs_limit_diff = -0.6086956521739131

Processing XToYHTo6B_MX-2200_MY-400...
xs_limit_diff = -0.6031746031746033

Processing XToYHTo6B_MX-2200_MY-450...
xs_limit_diff = -0.5074626865671641

Processing XToYHTo6B_MX-2200_MY-500...
xs_limit_diff = -0.4473684210526315

Processing XToYHTo6B_MX-2200_MY-600...
xs_limit_diff = -0.3016393442622951

Processing XToYHTo6B_MX-2400_MY-250...
xs_limit_diff = -0.22147651006711397

Processing XToYHTo6B_MX-2400_MY-300...
xs_limit_diff = -0.4923076923076922

Processing XToYHTo6B_MX-2400_MY-350...
xs_limit_diff = -0.62

Processing XToYHTo6B_MX-2400_MY-400...
xs_limit_diff = -0.6046511627906976

Processing XToYHTo6B_MX-2400_MY-450...
xs_limit_diff = -0.5581395348837209

Processing XToYHTo6B_MX-2400_MY-500...
xs_limit_diff = -0.47058823529411775

Processing XToYHTo6B_MX-2400_MY-600...
xs_limit_diff = -0.3917525773195876

Processing XToYHTo6B_MX-2500_MY-250...
xs_limit_diff = -0.21705426356589133

Processing XToYHTo6B_MX-2500_MY-300...
xs_limit_diff = -0.4912280701754385

Processing XToYHTo6B_MX-2500_MY-350...
xs_limit_diff = -0.6511627906976745

Processing XToYHTo6B_MX-2500_MY-400...
xs_limit_diff = -0.5945945945945946

Processing XToYHTo6B_MX-2500_MY-450...
xs_limit_diff = -0.5142857142857142

Processing XToYHTo6B_MX-2500_MY-500...
xs_limit_diff = -0.4615384615384616

Processing XToYHTo6B_MX-2500_MY-600...
xs_limit_diff = -0.3687150837988828

Processing XToYHTo6B_MX-2500_MY-700...
xs_limit_diff = -0.4588414634146343

Processing XToYHTo6B_MX-2600_MY-250...
xs_limit_diff = -0.2184873949579832

Processing XToYHTo6B_MX-2600_MY-300...
xs_limit_diff = -0.47058823529411775

Processing XToYHTo6B_MX-2600_MY-350...
xs_limit_diff = -0.5945945945945946

Processing XToYHTo6B_MX-2600_MY-400...
xs_limit_diff = -0.5806451612903226

Processing XToYHTo6B_MX-2600_MY-450...
xs_limit_diff = -0.5517241379310346

Processing XToYHTo6B_MX-2600_MY-500...
xs_limit_diff = -0.43333333333333324

Processing XToYHTo6B_MX-2600_MY-600...
xs_limit_diff = -0.32710280373831785

Processing XToYHTo6B_MX-2600_MY-700...
xs_limit_diff = -0.444

Processing XToYHTo6B_MX-2600_MY-800...
xs_limit_diff = -0.4559748427672956

Processing XToYHTo6B_MX-2800_MY-250...
xs_limit_diff = -0.20618556701030943

Processing XToYHTo6B_MX-2800_MY-300...
xs_limit_diff = -0.4615384615384616

Processing XToYHTo6B_MX-2800_MY-350...
xs_limit_diff = -0.6206896551724138

Processing XToYHTo6B_MX-2800_MY-400...
xs_limit_diff = -0.6250000000000001

Processing XToYHTo6B_MX-2800_MY-450...
xs_limit_diff = -0.5714285714285714

Processing XToYHTo6B_MX-2800_MY-500...
xs_limit_diff = -0.5714285714285714

Processing XToYHTo6B_MX-2800_MY-600...
xs_limit_diff = -0.30769230769230776

Processing XToYHTo6B_MX-2800_MY-700...
xs_limit_diff = -0.43288590604026833

Processing XToYHTo6B_MX-2800_MY-800...
xs_limit_diff = -0.44398340248962653

Processing XToYHTo6B_MX-3000_MY-250...
xs_limit_diff = -0.21348314606741572

Processing XToYHTo6B_MX-3000_MY-300...
xs_limit_diff = -0.42424242424242425

Processing XToYHTo6B_MX-3000_MY-350...
xs_limit_diff = -0.64

Processing XToYHTo6B_MX-3000_MY-400...
xs_limit_diff = -0.631578947368421

Processing XToYHTo6B_MX-3000_MY-450...
xs_limit_diff = -0.5882352941176471

Processing XToYHTo6B_MX-3000_MY-500...
xs_limit_diff = -0.5882352941176471

Processing XToYHTo6B_MX-3000_MY-600...
xs_limit_diff = -0.2857142857142857

Processing XToYHTo6B_MX-3000_MY-700...
xs_limit_diff = -0.3357664233576643

Processing XToYHTo6B_MX-3000_MY-800...
xs_limit_diff = -0.4188034188034187

Processing XToYHTo6B_MX-3500_MY-250...
xs_limit_diff = 0.34285714285714286

Processing XToYHTo6B_MX-3500_MY-300...
xs_limit_diff = -0.2777777777777778

Processing XToYHTo6B_MX-3500_MY-350...
xs_limit_diff = -0.5333333333333332

Processing XToYHTo6B_MX-3500_MY-400...
xs_limit_diff = -0.6153846153846154

Processing XToYHTo6B_MX-3500_MY-450...
xs_limit_diff = -0.5454545454545454

Processing XToYHTo6B_MX-3500_MY-500...
xs_limit_diff = -0.4444444444444444

Processing XToYHTo6B_MX-3500_MY-600...
xs_limit_diff = -0.2222222222222221

Processing XToYHTo6B_MX-3500_MY-700...
xs_limit_diff = -0.26666666666666666

Processing XToYHTo6B_MX-3500_MY-800...
xs_limit_diff = -0.21052631578947367

Processing XToYHTo6B_MX-4000_MY-250...
xs_limit_diff = 1.0588235294117645

Processing XToYHTo6B_MX-4000_MY-300...
xs_limit_diff = 0.6071428845123373

Processing XToYHTo6B_MX-4000_MY-350...
xs_limit_diff = -0.20000000000000012

Processing XToYHTo6B_MX-4000_MY-400...
xs_limit_diff = -0.3999999999999999

Processing XToYHTo6B_MX-4000_MY-450...
xs_limit_diff = -0.3999999999999999

Processing XToYHTo6B_MX-4000_MY-500...
xs_limit_diff = -0.3999999999999999

Processing XToYHTo6B_MX-4000_MY-600...
xs_limit_diff = -0.3999999999999999

Processing XToYHTo6B_MX-4000_MY-700...
xs_limit_diff = 0.0

Processing XToYHTo6B_MX-4000_MY-800...
xs_limit_diff = 0.0

Processing XToYHTo6B_MX-4000_MY-900...
xs_limit_diff = 0.17543859649122806

Maximum xs_limit_diff: 1.0588235294117645


Minimum xs_limit_diff: -0.6511627906976745

TCanvas::Constructor:0: RuntimeWarning: Deleting canvas with same name: c
Info in <TCanvas::Print>: pdf file sd_pn_Run2_boosted_expected_limits_2D_diff.pdf has been created
